<?xml version="1.0" encoding="UTF-8"?>
<!-- Generated by org.testng.reporters.JUnitReportReporter -->
<testsuite hostname="good" name="sample.BtestAtest" tests="3" failures="0" timestamp="26 Oct 2017 10:54:48 GMT" time="0.036" errors="0">
  <testcase name="logout" time="0.012" classname="sample.BtestAtest"/>
  <testcase name="login" time="0.010" classname="sample.BtestAtest"/>
  <testcase name="passwordchange" time="0.014" classname="sample.BtestAtest"/>
</testsuite> <!-- sample.BtestAtest -->
