<?xml version="1.0" encoding="UTF-8"?>
<!-- Generated by org.testng.reporters.JUnitReportReporter -->
<testsuite hostname="good" name="sample.Assert1" tests="1" failures="0" timestamp="26 Oct 2017 11:50:59 GMT" time="0.029" errors="0">
  <testcase name="doreg" time="0.029" classname="sample.Assert1"/>
</testsuite> <!-- sample.Assert1 -->
