<?xml version="1.0" encoding="UTF-8"?>
<!-- Generated by org.testng.reporters.JUnitReportReporter -->
<testsuite hostname="good" name="sample.TestNgPrio" tests="3" failures="0" timestamp="30 Oct 2017 05:14:04 GMT" time="0.048" errors="0">
  <testcase name="passwordchange" time="0.024" classname="sample.TestNgPrio"/>
  <testcase name="logout" time="0.011" classname="sample.TestNgPrio"/>
  <testcase name="login" time="0.013" classname="sample.TestNgPrio"/>
</testsuite> <!-- sample.TestNgPrio -->
