<?xml version="1.0" encoding="UTF-8"?>
<!-- Generated by org.testng.reporters.JUnitReportReporter -->
<testsuite hostname="good" name="sample.TestNg" tests="2" failures="0" timestamp="17 Nov 2017 15:22:50 GMT" time="0.243" errors="0">
  <testcase name="test2" time="0.023" classname="sample.TestNg"/>
  <testcase name="test1" time="0.220" classname="sample.TestNg"/>
</testsuite> <!-- sample.TestNg -->
