<?xml version="1.0" encoding="UTF-8"?>
<!-- Generated by org.testng.reporters.JUnitReportReporter -->
<testsuite hostname="good" name="sample.TestNgAlfa" tests="3" failures="0" timestamp="30 Oct 2017 04:39:02 GMT" time="0.062" errors="0">
  <testcase name="login" time="0.033" classname="sample.TestNgAlfa"/>
  <testcase name="logout" time="0.020" classname="sample.TestNgAlfa"/>
  <testcase name="passwordchange" time="0.009" classname="sample.TestNgAlfa"/>
</testsuite> <!-- sample.TestNgAlfa -->
