<?xml version="1.0" encoding="UTF-8"?>
<!-- Generated by org.testng.reporters.JUnitReportReporter -->
<testsuite hostname="good" name="testng.ActionClass" tests="1" failures="0" timestamp="26 Oct 2017 16:39:19 GMT" time="39.435" errors="0">
  <testcase name="open" time="39.435" classname="testng.ActionClass"/>
</testsuite> <!-- testng.ActionClass -->
