<?xml version="1.0" encoding="UTF-8"?>
<!-- Generated by org.testng.reporters.JUnitReportReporter -->
<testsuite hostname="good" name="testng.CityBank" tests="1" failures="0" timestamp="30 Oct 2017 04:35:02 GMT" time="31.827" errors="0">
  <testcase name="test" time="31.827" classname="testng.CityBank"/>
</testsuite> <!-- testng.CityBank -->
