<?xml version="1.0" encoding="UTF-8"?>
<!-- Generated by org.testng.reporters.JUnitReportReporter -->
<testsuite hostname="good" name="bhanu1.ActionClass" tests="1" failures="0" timestamp="26 Oct 2017 16:49:45 GMT" time="34.680" errors="0">
  <testcase name="open" time="34.680" classname="bhanu1.ActionClass"/>
</testsuite> <!-- bhanu1.ActionClass -->
