<?xml version="1.0" encoding="UTF-8"?>
<!-- Generated by org.testng.reporters.JUnitReportReporter -->
<testsuite hostname="good" name="tesNG.BeforeMethod1" tests="3" failures="0" timestamp="17 Jun 2017 12:24:47 GMT" time="0.027" errors="0">
  <testcase name="doPasswordChange" time="0.017" classname="tesNG.BeforeMethod1"/>
  <testcase name="login" time="0.003" classname="tesNG.BeforeMethod1"/>
  <testcase name="nogout" time="0.007" classname="tesNG.BeforeMethod1"/>
</testsuite> <!-- tesNG.BeforeMethod1 -->
