<?xml version="1.0" encoding="UTF-8"?>
<!-- Generated by org.testng.reporters.JUnitReportReporter -->
<testsuite hostname="good" name="tesNG.TestNGEx1" tests="3" failures="0" timestamp="17 Jun 2017 12:58:07 GMT" time="0.088" errors="0">
  <testcase name="nogout" time="0.006" classname="tesNG.TestNGEx1"/>
  <testcase name="doPasswordChange" time="0.002" classname="tesNG.TestNGEx1"/>
  <testcase name="login" time="0.080" classname="tesNG.TestNGEx1"/>
</testsuite> <!-- tesNG.TestNGEx1 -->
