<?xml version="1.0" encoding="UTF-8"?>
<!-- Generated by org.testng.reporters.JUnitReportReporter -->
<testsuite hostname="good" name="tesNG.DoRegTest" tests="1" failures="0" timestamp="18 Jun 2017 04:26:40 GMT" time="0.053" errors="0">
  <testcase name="doRegTest" time="0.053" classname="tesNG.DoRegTest"/>
</testsuite> <!-- tesNG.DoRegTest -->
